Vivado Simulator 2017.1
Copyright 1986-1999, 2001-2016 Xilinx, Inc. All Rights Reserved.
Running: C:/Xilinx/Vivado/2017.1/bin/unwrapped/win64.o/xelab.exe -wto f63b8edb6ae04dde9e4723d54db5edd4 --debug typical --relax --mt 2 -L xil_defaultlib -L secureip --snapshot cpu_tb_behav xil_defaultlib.cpu_tb -log elaborate.log 
Using 2 slave threads.
Starting static elaboration
Completed static elaboration
Starting simulation data flow analysis
Completed simulation data flow analysis
Time Resolution for simulation is 1ps
Compiling package std.standard
Compiling package std.textio
Compiling package ieee.std_logic_1164
Compiling package ieee.std_logic_arith
Compiling package ieee.std_logic_unsigned
Compiling architecture behave of entity xil_defaultlib.cpu [cpu_default]
Compiling architecture behave of entity xil_defaultlib.add4 [add4_default]
Compiling architecture behave of entity xil_defaultlib.mul4 [mul4_default]
Compiling architecture behave of entity xil_defaultlib.invrt4 [invrt4_default]
Compiling architecture behave of entity xil_defaultlib.bit_add4 [bit_add4_default]
Compiling architecture behave of entity xil_defaultlib.bit_or4 [bit_or4_default]
Compiling architecture behavioral of entity xil_defaultlib.cpu_tb
Built simulation snapshot cpu_tb_behav
