Unable to capture context for thread 14380 in process 14584, can not generate back trace
Unable to capture context for thread 9068 in process 14584, can not generate back trace
Exception at PC 0x00007FFEBE99BB93
Printing stacktrace...

Unable to capture context for thread 9068 in process 14584, can not generate back trace
Exception at PC 0x00007FFF69444FD9
Exception at PC 0x00007FFF69444FD9
Exception at PC 0x00007FFF69444FD9
Exception at PC 0x00007FFF69444FD9
Exception at PC 0x00007FFF69444FD9
Exception at PC 0x00007FFF69444FD9
Exception at PC 0x00007FFF69444FD9
Exception at PC 0x00007FFF69444FD9
Exception at PC 0x00007FFF69444FD9
Exception at PC 0x00007FFF69444FD9
Exception at PC 0x00007FFF69444FD9
Exception at PC 0x00007FFF69444FD9
Exception at PC 0x00007FFF69444FD9
Exception at PC 0x00007FFF69444FD9
Exception at PC 0x00007FFF69444FD9
[0]  [0x00007FFEBE99BB93]
[1]  [0x00007FFEBE99BB93]
[2]  [0x00007FFEBE99B4A1]
[3]  [0x00007FFEBE99B3EF]
[4]  [0x00007FFEBE9819FE]
[5]  [0x00007FFEBE980ED1]
[6]  [0x00007FFEBE980D76]
[7]  [0x00007FFEBE9279F6]
[8]  [0x00007FFEBE917AFB]
[9]  [0x00007FFEBEA3E90A]
[10]  [0x00007FFEBEA59F87]
[11]  [0x00007FFEBEA5A05F]
[12] (BaseThreadInitThunk+0x14) [0x00007FFF6AEF7034]
[13] (RtlUserThreadStart+0x21) [0x00007FFF6BC22651]
Done
Exception at PC 0x00007FFF69444FD9
Exception at PC 0x00007FFF69444FD9
Exception at PC 0x00007FFF69444FD9
Exception at PC 0x00007FFEBE6A1A52
Attemped to write at address 0x00007FFF169A9BA4
Printing stacktrace...

[0]  [0x00007FFEBE6A1A52]
[1]  [0x00007FFEBE6A1A52]
[2]  [0x00007FFEBE6A1AD4]
[3]  [0x00007FFEBE7E3FF7]
[4]  [0x00007FFEBE6C9128]
[5]  [0x00007FFEBE97DFB9]
[6]  [0x00007FFEBEB4EF23]
[7]  [0x00007FFEBEA5B06B]
[8]  [0x00007FFEBEA508AF]
[9]  [0x00007FFEBEA50A32]
[10] (RtlActivateActivationContextUnsafeFast+0x11d) [0x00007FFF6BBE9A1D]
[11] (LdrShutdownProcess+0x141) [0x00007FFF6BC2DB91]
[12] (RtlExitUserProcess+0xad) [0x00007FFF6BC2DA2D]
[13] (FatalExit+0xb) [0x00007FFF6AEFE0AB]
[14] (exit+0x85) [0x00007FFF6A23A155]
[15] (initterm_e+0x245) [0x00007FFF6A23A7C5]
[16]  [0x00000000004014CD]
[17]  [0x000000000040151B]
[18] (BaseThreadInitThunk+0x14) [0x00007FFF6AEF7034]
[19] (RtlUserThreadStart+0x21) [0x00007FFF6BC22651]
Done
